c:\users\liam\documents\humanf\vr\trick-or-treat\x64\release\api_framework.ipdb
c:\users\liam\documents\humanf\vr\trick-or-treat\x64\release\api_framework.iobj
c:\users\liam\documents\github\trick-or-treat\x64\release\api_framework.ipdb
c:\users\liam\documents\github\trick-or-treat\x64\release\api_framework.iobj
c:\users\liam\documents\github\trick-or-treat\x64\release\api_framework.pch
c:\users\liam\documents\github\trick-or-treat\x64\release\vc141.pdb
c:\users\liam\documents\github\trick-or-treat\x64\release\stdafx.obj
c:\users\liam\documents\github\trick-or-treat\x64\release\progressbar.obj
c:\users\liam\documents\github\trick-or-treat\x64\release\object_player.obj
c:\users\liam\documents\github\trick-or-treat\x64\release\object_npc.obj
c:\users\liam\documents\github\trick-or-treat\x64\release\object_lock.obj
c:\users\liam\documents\github\trick-or-treat\x64\release\object_item.obj
c:\users\liam\documents\github\trick-or-treat\x64\release\object_house.obj
c:\users\liam\documents\github\trick-or-treat\x64\release\object_ghost.obj
c:\users\liam\documents\github\trick-or-treat\x64\release\object_effect.obj
c:\users\liam\documents\github\trick-or-treat\x64\release\object.obj
c:\users\liam\documents\github\trick-or-treat\x64\release\maingame.obj
c:\users\liam\documents\github\trick-or-treat\x64\release\loading.obj
c:\users\liam\documents\github\trick-or-treat\x64\release\keymanager.obj
c:\users\liam\documents\github\trick-or-treat\x64\release\inidata.obj
c:\users\liam\documents\github\trick-or-treat\x64\release\imagemanager.obj
c:\users\liam\documents\github\trick-or-treat\x64\release\image.obj
c:\users\liam\documents\github\trick-or-treat\x64\release\gamenode.obj
c:\users\liam\documents\github\trick-or-treat\x64\release\effectmanager.obj
c:\users\liam\documents\github\trick-or-treat\x64\release\effect.obj
c:\users\liam\documents\github\trick-or-treat\x64\release\animationmanager.obj
c:\users\liam\documents\github\trick-or-treat\x64\release\animation.obj
c:\users\liam\documents\github\trick-or-treat\x64\release\winmain.obj
c:\users\liam\documents\github\trick-or-treat\x64\release\utils.obj
c:\users\liam\documents\github\trick-or-treat\x64\release\ui.obj
c:\users\liam\documents\github\trick-or-treat\x64\release\txtdata.obj
c:\users\liam\documents\github\trick-or-treat\x64\release\timer.obj
c:\users\liam\documents\github\trick-or-treat\x64\release\timemanager.obj
c:\users\liam\documents\github\trick-or-treat\x64\release\soundmanager.obj
c:\users\liam\documents\github\trick-or-treat\x64\release\scene_title.obj
c:\users\liam\documents\github\trick-or-treat\x64\release\scene_stage.obj
c:\users\liam\documents\github\trick-or-treat\x64\release\scene_select.obj
c:\users\liam\documents\github\trick-or-treat\x64\release\scene_maptool.obj
c:\users\liam\documents\github\trick-or-treat\x64\release\scene_loading.obj
c:\users\liam\documents\github\trick-or-treat\x64\release\scene_instruction.obj
c:\users\liam\documents\github\trick-or-treat\x64\release\scenemanager.obj
c:\users\liam\documents\github\trick-or-treat\x64\release\scene.obj
c:\users\liam\documents\github\trick-or-treat\x64\release\api_framework.exe
c:\users\liam\documents\github\trick-or-treat\x64\release\api_framework.pdb
c:\users\liam\documents\github\trick-or-treat\x64\release\api_framework.tlog\api_framework.write.1u.tlog
c:\users\liam\documents\github\trick-or-treat\x64\release\api_framework.tlog\cl.command.1.tlog
c:\users\liam\documents\github\trick-or-treat\x64\release\api_framework.tlog\cl.read.1.tlog
c:\users\liam\documents\github\trick-or-treat\x64\release\api_framework.tlog\cl.write.1.tlog
c:\users\liam\documents\github\trick-or-treat\x64\release\api_framework.tlog\link.command.1.tlog
c:\users\liam\documents\github\trick-or-treat\x64\release\api_framework.tlog\link.read.1.tlog
c:\users\liam\documents\github\trick-or-treat\x64\release\api_framework.tlog\link.write.1.tlog
