  stdafx.cpp
c:\users\liam\documents\github\trick-or-treat\image.h(142): warning C4244: '인수': 'float'에서 'int'(으)로 변환하면서 데이터가 손실될 수 있습니다.
  animation.cpp
  animationManager.cpp
  effect.cpp
  effectManager.cpp
  gameNode.cpp
  image.cpp
c:\users\liam\documents\github\trick-or-treat\image.cpp(108): warning C4267: '초기화 중': 'size_t'에서 'int'(으)로 변환하면서 데이터가 손실될 수 있습니다.
c:\users\liam\documents\github\trick-or-treat\image.cpp(167): warning C4267: '초기화 중': 'size_t'에서 'int'(으)로 변환하면서 데이터가 손실될 수 있습니다.
c:\users\liam\documents\github\trick-or-treat\image.cpp(236): warning C4267: '초기화 중': 'size_t'에서 'int'(으)로 변환하면서 데이터가 손실될 수 있습니다.
c:\users\liam\documents\github\trick-or-treat\image.cpp(308): warning C4267: '초기화 중': 'size_t'에서 'int'(으)로 변환하면서 데이터가 손실될 수 있습니다.
c:\users\liam\documents\github\trick-or-treat\image.cpp(654): warning C4244: '인수': 'float'에서 'int'(으)로 변환하면서 데이터가 손실될 수 있습니다.
c:\users\liam\documents\github\trick-or-treat\image.cpp(659): warning C4244: '인수': 'float'에서 'int'(으)로 변환하면서 데이터가 손실될 수 있습니다.
c:\users\liam\documents\github\trick-or-treat\image.cpp(666): warning C4244: '인수': 'float'에서 'int'(으)로 변환하면서 데이터가 손실될 수 있습니다.
  imageManager.cpp
  iniData.cpp
  keyManager.cpp
  loading.cpp
c:\users\liam\documents\github\trick-or-treat\loading.cpp(43): warning C4244: '=': 'float'에서 'int'(으)로 변환하면서 데이터가 손실될 수 있습니다.
c:\users\liam\documents\github\trick-or-treat\loading.cpp(44): warning C4244: '=': 'float'에서 'int'(으)로 변환하면서 데이터가 손실될 수 있습니다.
c:\users\liam\documents\github\trick-or-treat\loading.cpp(79): warning C4244: '=': 'float'에서 'int'(으)로 변환하면서 데이터가 손실될 수 있습니다.
c:\users\liam\documents\github\trick-or-treat\loading.cpp(80): warning C4244: '=': 'float'에서 'int'(으)로 변환하면서 데이터가 손실될 수 있습니다.
c:\users\liam\documents\github\trick-or-treat\loading.cpp(194): warning C4244: '인수': 'int'에서 'float'(으)로 변환하면서 데이터가 손실될 수 있습니다.
c:\users\liam\documents\github\trick-or-treat\loading.cpp(200): warning C4244: '인수': 'int'에서 'float'(으)로 변환하면서 데이터가 손실될 수 있습니다.
c:\users\liam\documents\github\trick-or-treat\loading.cpp(207): warning C4244: '인수': 'unsigned __int64'에서 'float'(으)로 변환하면서 데이터가 손실될 수 있습니다.
c:\users\liam\documents\github\trick-or-treat\loading.cpp(207): warning C4244: '인수': 'int'에서 'float'(으)로 변환하면서 데이터가 손실될 수 있습니다.
  mainGame.cpp
  Object.cpp
  Object_Effect.cpp
c:\users\liam\documents\github\trick-or-treat\object_effect.cpp(106): warning C4244: '인수': 'float'에서 'int'(으)로 변환하면서 데이터가 손실될 수 있습니다.
c:\users\liam\documents\github\trick-or-treat\object_effect.cpp(105): warning C4244: '인수': 'float'에서 'int'(으)로 변환하면서 데이터가 손실될 수 있습니다.
  Object_Ghost.cpp
  Object_House.cpp
  Object_Item.cpp
c:\users\liam\documents\github\trick-or-treat\object_item.cpp(32): warning C4244: '인수': 'double'에서 'int'(으)로 변환하면서 데이터가 손실될 수 있습니다.
c:\users\liam\documents\github\trick-or-treat\object_item.cpp(33): warning C4244: '인수': 'double'에서 'int'(으)로 변환하면서 데이터가 손실될 수 있습니다.
c:\users\liam\documents\github\trick-or-treat\object_item.cpp(38): warning C4244: '인수': 'double'에서 'int'(으)로 변환하면서 데이터가 손실될 수 있습니다.
c:\users\liam\documents\github\trick-or-treat\object_item.cpp(42): warning C4244: '인수': 'double'에서 'int'(으)로 변환하면서 데이터가 손실될 수 있습니다.
c:\users\liam\documents\github\trick-or-treat\object_item.cpp(43): warning C4244: '인수': 'double'에서 'int'(으)로 변환하면서 데이터가 손실될 수 있습니다.
c:\users\liam\documents\github\trick-or-treat\object_item.cpp(48): warning C4244: '인수': 'double'에서 'int'(으)로 변환하면서 데이터가 손실될 수 있습니다.
  Object_Lock.cpp
  Object_NPC.cpp
c:\users\liam\documents\github\trick-or-treat\object_npc.cpp(26): warning C4244: '인수': 'double'에서 'int'(으)로 변환하면서 데이터가 손실될 수 있습니다.
c:\users\liam\documents\github\trick-or-treat\object_npc.cpp(27): warning C4244: '인수': 'double'에서 'int'(으)로 변환하면서 데이터가 손실될 수 있습니다.
c:\users\liam\documents\github\trick-or-treat\object_npc.cpp(28): warning C4244: '인수': 'double'에서 'int'(으)로 변환하면서 데이터가 손실될 수 있습니다.
c:\users\liam\documents\github\trick-or-treat\object_npc.cpp(29): warning C4244: '인수': 'double'에서 'int'(으)로 변환하면서 데이터가 손실될 수 있습니다.
  Object_Player.cpp
  progressBar.cpp
c:\users\liam\documents\github\trick-or-treat\progressbar.cpp(17): warning C4244: '=': 'float'에서 'int'(으)로 변환하면서 데이터가 손실될 수 있습니다.
c:\users\liam\documents\github\trick-or-treat\progressbar.cpp(18): warning C4244: '=': 'float'에서 'int'(으)로 변환하면서 데이터가 손실될 수 있습니다.
c:\users\liam\documents\github\trick-or-treat\progressbar.cpp(21): warning C4244: '인수': 'float'에서 'int'(으)로 변환하면서 데이터가 손실될 수 있습니다.
c:\users\liam\documents\github\trick-or-treat\progressbar.cpp(58): warning C4244: '=': 'float'에서 'int'(으)로 변환하면서 데이터가 손실될 수 있습니다.
  컴파일하고 있습니다...
  Scene.cpp
  sceneManager.cpp
  Scene_Instruction.cpp
  Scene_Loading.cpp
c:\users\liam\documents\github\trick-or-treat\scene_loading.cpp(42): warning C4244: '인수': 'int'에서 'float'(으)로 변환하면서 데이터가 손실될 수 있습니다.
  Scene_Maptool.cpp
c:\users\liam\documents\github\trick-or-treat\scene_maptool.cpp(137): warning C4267: '인수': 'size_t'에서 'int'(으)로 변환하면서 데이터가 손실될 수 있습니다.
c:\users\liam\documents\github\trick-or-treat\scene_maptool.cpp(148): warning C4267: '인수': 'size_t'에서 'int'(으)로 변환하면서 데이터가 손실될 수 있습니다.
c:\users\liam\documents\github\trick-or-treat\scene_maptool.cpp(149): warning C4267: '인수': 'size_t'에서 'int'(으)로 변환하면서 데이터가 손실될 수 있습니다.
c:\users\liam\documents\github\trick-or-treat\scene_maptool.cpp(153): warning C4267: '인수': 'size_t'에서 'int'(으)로 변환하면서 데이터가 손실될 수 있습니다.
  Scene_Select.cpp
  Scene_Stage.cpp
c:\users\liam\documents\github\trick-or-treat\scene_stage.cpp(75): warning C4244: '=': 'float'에서 'int'(으)로 변환하면서 데이터가 손실될 수 있습니다.
c:\users\liam\documents\github\trick-or-treat\scene_stage.cpp(76): warning C4244: '=': 'float'에서 'int'(으)로 변환하면서 데이터가 손실될 수 있습니다.
c:\users\liam\documents\github\trick-or-treat\scene_stage.cpp(175): warning C4267: '인수': 'size_t'에서 'int'(으)로 변환하면서 데이터가 손실될 수 있습니다.
c:\users\liam\documents\github\trick-or-treat\scene_stage.cpp(183): warning C4267: '인수': 'size_t'에서 'int'(으)로 변환하면서 데이터가 손실될 수 있습니다.
c:\users\liam\documents\github\trick-or-treat\scene_stage.cpp(196): warning C4267: '인수': 'size_t'에서 'int'(으)로 변환하면서 데이터가 손실될 수 있습니다.
c:\users\liam\documents\github\trick-or-treat\scene_stage.cpp(198): warning C4267: '인수': 'size_t'에서 'int'(으)로 변환하면서 데이터가 손실될 수 있습니다.
c:\users\liam\documents\github\trick-or-treat\scene_stage.cpp(199): warning C4267: '인수': 'size_t'에서 'int'(으)로 변환하면서 데이터가 손실될 수 있습니다.
c:\users\liam\documents\github\trick-or-treat\scene_stage.cpp(200): warning C4267: '인수': 'size_t'에서 'int'(으)로 변환하면서 데이터가 손실될 수 있습니다.
c:\users\liam\documents\github\trick-or-treat\scene_stage.cpp(203): warning C4267: '인수': 'size_t'에서 'int'(으)로 변환하면서 데이터가 손실될 수 있습니다.
c:\users\liam\documents\github\trick-or-treat\scene_stage.cpp(589): warning C4805: '==': 연산에 'int' 형식과 'bool' 형식을 함께 사용하는 것은 안전하지 않습니다.
  Scene_Title.cpp
  soundManager.cpp
c:\users\liam\documents\github\trick-or-treat\soundmanager.cpp(41): warning C4554: '|': 연산자 우선 순위에 오류가 있는지 확인하세요. 괄호를 사용하여 우선 순위를 명확하게 지정하세요.
  timeManager.cpp
c:\users\liam\documents\github\trick-or-treat\timemanager.cpp(38): warning C4101: 'str' :참조되지 않은 지역 변수입니다.
  timer.cpp
  txtData.cpp
  UI.cpp
c:\users\liam\documents\github\trick-or-treat\ui.cpp(83): warning C4244: '인수': 'int'에서 'float'(으)로 변환하면서 데이터가 손실될 수 있습니다.
c:\users\liam\documents\github\trick-or-treat\ui.cpp(103): warning C4244: '=': 'double'에서 'int'(으)로 변환하면서 데이터가 손실될 수 있습니다.
  utils.cpp
  winMain.cpp
c:\users\liam\documents\github\trick-or-treat\winmain.cpp(157): warning C4244: 'return': 'WPARAM'에서 'int'(으)로 변환하면서 데이터가 손실될 수 있습니다.
  코드를 생성하고 있습니다.
c:\users\liam\documents\github\trick-or-treat\object_ghost.h(27): warning C4715: 'Object_Ghost::getChanged': 모든 제어 경로에서 값을 반환하지는 않습니다.
c:\users\liam\documents\github\trick-or-treat\progressbar.cpp(58): warning C4723: 0의 나누기 연산이 발생할 수 있습니다.
c:\users\liam\documents\github\trick-or-treat\progressbar.cpp(58): warning C4723: 0의 나누기 연산이 발생할 수 있습니다.
  All 1067 functions were compiled because no usable IPDB/IOBJ from previous compilation was found.
  코드를 생성했습니다.
  API_FrameWork.vcxproj -> C:\Users\Liam\Documents\Github\trick-or-treat\x64\Release\API_FrameWork.exe
          1개 파일이 복사되었습니다.
