c:\users\liam\documents\humanf\vr\trick-or-treat\x64\debug\vc141.pdb
c:\users\liam\documents\humanf\vr\trick-or-treat\x64\debug\vc141.idb
c:\users\liam\documents\humanf\vr\trick-or-treat\x64\debug\keymanager.obj
c:\users\liam\documents\humanf\vr\trick-or-treat\x64\debug\animation.obj
c:\users\liam\documents\humanf\vr\trick-or-treat\x64\debug\soundmanager.obj
c:\users\liam\documents\humanf\vr\trick-or-treat\x64\debug\api_framework.pch
c:\users\liam\documents\humanf\vr\trick-or-treat\x64\debug\stdafx.obj
c:\users\liam\documents\humanf\vr\trick-or-treat\x64\debug\effectmanager.obj
c:\users\liam\documents\humanf\vr\trick-or-treat\x64\debug\effect.obj
c:\users\liam\documents\humanf\vr\trick-or-treat\x64\debug\animationmanager.obj
c:\users\liam\documents\humanf\vr\trick-or-treat\x64\debug\ui.obj
c:\users\liam\documents\humanf\vr\trick-or-treat\x64\debug\scene_title.obj
c:\users\liam\documents\humanf\vr\trick-or-treat\x64\debug\scene_stage.obj
c:\users\liam\documents\humanf\vr\trick-or-treat\x64\debug\scene_select.obj
c:\users\liam\documents\humanf\vr\trick-or-treat\x64\debug\scene_maptool.obj
c:\users\liam\documents\humanf\vr\trick-or-treat\x64\debug\scene_loading.obj
c:\users\liam\documents\humanf\vr\trick-or-treat\x64\debug\scene_instruction.obj
c:\users\liam\documents\humanf\vr\trick-or-treat\x64\debug\scene.obj
c:\users\liam\documents\humanf\vr\trick-or-treat\x64\debug\object_player.obj
c:\users\liam\documents\humanf\vr\trick-or-treat\x64\debug\object_npc.obj
c:\users\liam\documents\humanf\vr\trick-or-treat\x64\debug\object_lock.obj
c:\users\liam\documents\humanf\vr\trick-or-treat\x64\debug\object_item.obj
c:\users\liam\documents\humanf\vr\trick-or-treat\x64\debug\object_house.obj
c:\users\liam\documents\humanf\vr\trick-or-treat\x64\debug\object_ghost.obj
c:\users\liam\documents\humanf\vr\trick-or-treat\x64\debug\object_effect.obj
c:\users\liam\documents\humanf\vr\trick-or-treat\x64\debug\object.obj
c:\users\liam\documents\humanf\vr\trick-or-treat\x64\debug\winmain.obj
c:\users\liam\documents\humanf\vr\trick-or-treat\x64\debug\utils.obj
c:\users\liam\documents\humanf\vr\trick-or-treat\x64\debug\txtdata.obj
c:\users\liam\documents\humanf\vr\trick-or-treat\x64\debug\timer.obj
c:\users\liam\documents\humanf\vr\trick-or-treat\x64\debug\timemanager.obj
c:\users\liam\documents\humanf\vr\trick-or-treat\x64\debug\scenemanager.obj
c:\users\liam\documents\humanf\vr\trick-or-treat\x64\debug\progressbar.obj
c:\users\liam\documents\humanf\vr\trick-or-treat\x64\debug\maingame.obj
c:\users\liam\documents\humanf\vr\trick-or-treat\x64\debug\loading.obj
c:\users\liam\documents\humanf\vr\trick-or-treat\x64\debug\imagemanager.obj
c:\users\liam\documents\humanf\vr\trick-or-treat\x64\debug\image.obj
c:\users\liam\documents\humanf\vr\trick-or-treat\x64\debug\gamenode.obj
c:\users\liam\documents\humanf\vr\trick-or-treat\x64\debug\inidata.obj
c:\users\liam\documents\humanf\vr\trick-or-treat\x64\debug\api_framework.ilk
c:\users\liam\documents\humanf\vr\trick-or-treat\x64\debug\api_framework.exe
c:\users\liam\documents\humanf\vr\trick-or-treat\x64\debug\api_framework.pdb
c:\users\liam\documents\humanf\vr\trick-or-treat\x64\debug\api_framework.tlog\cl.command.1.tlog
c:\users\liam\documents\humanf\vr\trick-or-treat\x64\debug\api_framework.tlog\cl.read.1.tlog
c:\users\liam\documents\humanf\vr\trick-or-treat\x64\debug\api_framework.tlog\cl.write.1.tlog
c:\users\liam\documents\humanf\vr\trick-or-treat\x64\debug\api_framework.tlog\link.command.1.tlog
c:\users\liam\documents\humanf\vr\trick-or-treat\x64\debug\api_framework.tlog\link.read.1.tlog
c:\users\liam\documents\humanf\vr\trick-or-treat\x64\debug\api_framework.tlog\link.write.1.tlog
